build/outputs/logs/manifest-merger-debug-report.txt
-- Merging decision tree log ---
application
INJECTED from material/catalog/AndroidManifest.xml:25:3-68:17
INJECTED from material/catalog/AndroidManifest.xml:25:3-68:17
MERGED from [:lib] AndroidManifest.xml:22:5-20
MERGED from [:lib] AndroidManifest.xml:22:5-20
MERGED from [androidx.core:core:1.1.0] AndroidManifest.xml:24:5-89
MERGED from [androidx.core:core:1.1.0] AndroidManifest.xml:24:5-89
MERGED from [androidx.versionedparcelable:versionedparcelable:1.1.0] AndroidManifest.xml:24:5-25:19
MERGED from [androidx.versionedparcelable:versionedparcelable:1.1.0] AndroidManifest.xml:24:5-25:19
	android:appComponentFactory
		ADDED from [androidx.core:core:1.1.0] AndroidManifest.xml:24:18-86
	android:supportsRtl
		ADDED from material/catalog/AndroidManifest.xml:31:5-31
	android:label
		ADDED from material/catalog/AndroidManifest.xml:29:5-41
	android:roundIcon
		ADDED from material/catalog/AndroidManifest.xml:30:5-50
	android:icon
		ADDED from material/catalog/AndroidManifest.xml:28:5-39
	android:allowBackup
		ADDED from material/catalog/AndroidManifest.xml:27:5-31
	android:theme
		INJECTED from material/catalog/AndroidManifest.xml
		ADDED from material/catalog/AndroidManifest.xml:32:5-54
	android:name
		INJECTED from material/catalog/AndroidManifest.xml
		ADDED from material/catalog/AndroidManifest.xml:26:5-71
meta-data#io.material.catalog.application.componentOverride
INJECTED from material/catalog/AndroidManifest.xml:33:5-35:57
	android:value
		INJECTED from material/catalog/AndroidManifest.xml
		ADDED from material/catalog/AndroidManifest.xml:35:7-55
	android:name
		ADDED from material/catalog/AndroidManifest.xml:34:7-71
manifest
ADDED from material/catalog/AndroidManifest.xml:18:1-70:12
INJECTED from material/catalog/AndroidManifest.xml:18:1-70:12
INJECTED from material/catalog/AndroidManifest.xml:18:1-70:12
MERGED from [com.google.dagger:dagger-android-support:2.23.1] AndroidManifest.xml:17:1-22:12
MERGED from [com.google.dagger:dagger-android:2.23.1] AndroidManifest.xml:17:1-22:12
MERGED from [androidx.multidex:multidex:2.0.0] AndroidManifest.xml:17:1-22:12
MERGED from [:lib] AndroidManifest.xml:17:1-24:12
MERGED from [androidx.recyclerview:recyclerview-selection:1.0.0] AndroidManifest.xml:17:1-22:12
MERGED from [androidx.appcompat:appcompat:1.1.0] AndroidManifest.xml:17:1-24:12
MERGED from [androidx.cardview:cardview:1.0.0] AndroidManifest.xml:17:1-22:12
MERGED from [androidx.coordinatorlayout:coordinatorlayout:1.1.0] AndroidManifest.xml:17:1-24:12
MERGED from [androidx.transition:transition:1.2.0] AndroidManifest.xml:17:1-24:12
MERGED from [androidx.appcompat:appcompat-resources:1.1.0] AndroidManifest.xml:17:1-24:12
MERGED from [androidx.vectordrawable:vectordrawable-animated:1.1.0] AndroidManifest.xml:17:1-24:12
MERGED from [androidx.vectordrawable:vectordrawable:1.1.0] AndroidManifest.xml:17:1-24:12
MERGED from [androidx.viewpager2:viewpager2:1.0.0] AndroidManifest.xml:17:1-24:12
MERGED from [androidx.fragment:fragment:1.1.0] AndroidManifest.xml:17:1-24:12
MERGED from [androidx.drawerlayout:drawerlayout:1.0.0] AndroidManifest.xml:17:1-22:12
MERGED from [androidx.recyclerview:recyclerview:1.1.0] AndroidManifest.xml:17:1-24:12
MERGED from [androidx.viewpager:viewpager:1.0.0] AndroidManifest.xml:17:1-22:12
MERGED from [androidx.customview:customview:1.0.0] AndroidManifest.xml:17:1-22:12
MERGED from [androidx.loader:loader:1.0.0] AndroidManifest.xml:17:1-22:12
MERGED from [androidx.activity:activity:1.0.0] AndroidManifest.xml:17:1-24:12
MERGED from [androidx.core:core:1.1.0] AndroidManifest.xml:17:1-26:12
MERGED from [androidx.cursoradapter:cursoradapter:1.0.0] AndroidManifest.xml:17:1-22:12
MERGED from [androidx.versionedparcelable:versionedparcelable:1.1.0] AndroidManifest.xml:17:1-27:12
MERGED from [androidx.lifecycle:lifecycle-runtime:2.1.0] AndroidManifest.xml:17:1-22:12
MERGED from [androidx.lifecycle:lifecycle-viewmodel:2.1.0] AndroidManifest.xml:17:1-22:12
MERGED from [androidx.savedstate:savedstate:1.0.0] AndroidManifest.xml:17:1-24:12
MERGED from [androidx.interpolator:interpolator:1.0.0] AndroidManifest.xml:17:1-22:12
MERGED from [androidx.lifecycle:lifecycle-livedata:2.0.0] AndroidManifest.xml:17:1-22:12
MERGED from [androidx.lifecycle:lifecycle-livedata-core:2.0.0] AndroidManifest.xml:17:1-22:12
MERGED from [androidx.arch.core:core-runtime:2.0.0] AndroidManifest.xml:17:1-22:12
INJECTED from material/catalog/AndroidManifest.xml:18:1-70:12
INJECTED from material/catalog/AndroidManifest.xml:18:1-70:12
	package
		ADDED from material/catalog/AndroidManifest.xml:19:3-32
	android:versionName
		ADDED from material/catalog/AndroidManifest.xml:21:3-28
		INJECTED from material/catalog/AndroidManifest.xml
		INJECTED from material/catalog/AndroidManifest.xml
	xmlns:android
		ADDED from material/catalog/AndroidManifest.xml:18:11-69
	android:versionCode
		ADDED from material/catalog/AndroidManifest.xml:20:3-26
		INJECTED from material/catalog/AndroidManifest.xml
		INJECTED from material/catalog/AndroidManifest.xml
uses-sdk
ADDED from material/catalog/AndroidManifest.xml:23:3-15
INJECTED from material/catalog/AndroidManifest.xml:23:3-15
INJECTED from material/catalog/AndroidManifest.xml:23:3-15
MERGED from [com.google.dagger:dagger-android-support:2.23.1] AndroidManifest.xml:20:5-44
MERGED from [com.google.dagger:dagger-android-support:2.23.1] AndroidManifest.xml:20:5-44
MERGED from [com.google.dagger:dagger-android:2.23.1] AndroidManifest.xml:20:5-44
MERGED from [com.google.dagger:dagger-android:2.23.1] AndroidManifest.xml:20:5-44
MERGED from [androidx.multidex:multidex:2.0.0] AndroidManifest.xml:20:5-43
MERGED from [androidx.multidex:multidex:2.0.0] AndroidManifest.xml:20:5-43
MERGED from [:lib] AndroidManifest.xml:20:5-44
MERGED from [:lib] AndroidManifest.xml:20:5-44
MERGED from [androidx.recyclerview:recyclerview-selection:1.0.0] AndroidManifest.xml:20:5-44
MERGED from [androidx.recyclerview:recyclerview-selection:1.0.0] AndroidManifest.xml:20:5-44
MERGED from [androidx.appcompat:appcompat:1.1.0] AndroidManifest.xml:20:5-22:41
MERGED from [androidx.appcompat:appcompat:1.1.0] AndroidManifest.xml:20:5-22:41
MERGED from [androidx.cardview:cardview:1.0.0] AndroidManifest.xml:20:5-44
MERGED from [androidx.cardview:cardview:1.0.0] AndroidManifest.xml:20:5-44
MERGED from [androidx.coordinatorlayout:coordinatorlayout:1.1.0] AndroidManifest.xml:20:5-22:41
MERGED from [androidx.coordinatorlayout:coordinatorlayout:1.1.0] AndroidManifest.xml:20:5-22:41
MERGED from [androidx.transition:transition:1.2.0] AndroidManifest.xml:20:5-22:41
MERGED from [androidx.transition:transition:1.2.0] AndroidManifest.xml:20:5-22:41
MERGED from [androidx.appcompat:appcompat-resources:1.1.0] AndroidManifest.xml:20:5-22:41
MERGED from [androidx.appcompat:appcompat-resources:1.1.0] AndroidManifest.xml:20:5-22:41
MERGED from [androidx.vectordrawable:vectordrawable-animated:1.1.0] AndroidManifest.xml:20:5-22:41
MERGED from [androidx.vectordrawable:vectordrawable-animated:1.1.0] AndroidManifest.xml:20:5-22:41
MERGED from [androidx.vectordrawable:vectordrawable:1.1.0] AndroidManifest.xml:20:5-22:41
MERGED from [androidx.vectordrawable:vectordrawable:1.1.0] AndroidManifest.xml:20:5-22:41
MERGED from [androidx.viewpager2:viewpager2:1.0.0] AndroidManifest.xml:20:5-22:41
MERGED from [androidx.viewpager2:viewpager2:1.0.0] AndroidManifest.xml:20:5-22:41
MERGED from [androidx.fragment:fragment:1.1.0] AndroidManifest.xml:20:5-22:41
MERGED from [androidx.fragment:fragment:1.1.0] AndroidManifest.xml:20:5-22:41
MERGED from [androidx.drawerlayout:drawerlayout:1.0.0] AndroidManifest.xml:20:5-44
MERGED from [androidx.drawerlayout:drawerlayout:1.0.0] AndroidManifest.xml:20:5-44
MERGED from [androidx.recyclerview:recyclerview:1.1.0] AndroidManifest.xml:20:5-22:41
MERGED from [androidx.recyclerview:recyclerview:1.1.0] AndroidManifest.xml:20:5-22:41
MERGED from [androidx.viewpager:viewpager:1.0.0] AndroidManifest.xml:20:5-44
MERGED from [androidx.viewpager:viewpager:1.0.0] AndroidManifest.xml:20:5-44
MERGED from [androidx.customview:customview:1.0.0] AndroidManifest.xml:20:5-44
MERGED from [androidx.customview:customview:1.0.0] AndroidManifest.xml:20:5-44
MERGED from [androidx.loader:loader:1.0.0] AndroidManifest.xml:20:5-44
MERGED from [androidx.loader:loader:1.0.0] AndroidManifest.xml:20:5-44
MERGED from [androidx.activity:activity:1.0.0] AndroidManifest.xml:20:5-22:41
MERGED from [androidx.activity:activity:1.0.0] AndroidManifest.xml:20:5-22:41
MERGED from [androidx.core:core:1.1.0] AndroidManifest.xml:20:5-22:41
MERGED from [androidx.core:core:1.1.0] AndroidManifest.xml:20:5-22:41
MERGED from [androidx.cursoradapter:cursoradapter:1.0.0] AndroidManifest.xml:20:5-44
MERGED from [androidx.cursoradapter:cursoradapter:1.0.0] AndroidManifest.xml:20:5-44
MERGED from [androidx.versionedparcelable:versionedparcelable:1.1.0] AndroidManifest.xml:20:5-22:41
MERGED from [androidx.versionedparcelable:versionedparcelable:1.1.0] AndroidManifest.xml:20:5-22:41
MERGED from [androidx.lifecycle:lifecycle-runtime:2.1.0] AndroidManifest.xml:20:5-44
MERGED from [androidx.lifecycle:lifecycle-runtime:2.1.0] AndroidManifest.xml:20:5-44
MERGED from [androidx.lifecycle:lifecycle-viewmodel:2.1.0] AndroidManifest.xml:20:5-44
MERGED from [androidx.lifecycle:lifecycle-viewmodel:2.1.0] AndroidManifest.xml:20:5-44
MERGED from [androidx.savedstate:savedstate:1.0.0] AndroidManifest.xml:20:5-22:41
MERGED from [androidx.savedstate:savedstate:1.0.0] AndroidManifest.xml:20:5-22:41
MERGED from [androidx.interpolator:interpolator:1.0.0] AndroidManifest.xml:20:5-44
MERGED from [androidx.interpolator:interpolator:1.0.0] AndroidManifest.xml:20:5-44
MERGED from [androidx.lifecycle:lifecycle-livedata:2.0.0] AndroidManifest.xml:20:5-44
MERGED from [androidx.lifecycle:lifecycle-livedata:2.0.0] AndroidManifest.xml:20:5-44
MERGED from [androidx.lifecycle:lifecycle-livedata-core:2.0.0] AndroidManifest.xml:20:5-44
MERGED from [androidx.lifecycle:lifecycle-livedata-core:2.0.0] AndroidManifest.xml:20:5-44
MERGED from [androidx.arch.core:core-runtime:2.0.0] AndroidManifest.xml:20:5-44
MERGED from [androidx.arch.core:core-runtime:2.0.0] AndroidManifest.xml:20:5-44
INJECTED from material/catalog/AndroidManifest.xml:23:3-15
INJECTED from material/catalog/AndroidManifest.xml:23:3-15
	android:targetSdkVersion
		INJECTED from material/catalog/AndroidManifest.xml
		ADDED from material/catalog/AndroidManifest.xml:23:3-15
		INJECTED from material/catalog/AndroidManifest.xml
	android:minSdkVersion
		INJECTED from material/catalog/AndroidManifest.xml
		ADDED from material/catalog/AndroidManifest.xml:23:3-15
		INJECTED from material/catalog/AndroidManifest.xml
activity#io.material.catalog.main.MainActivity
ADDED from material/catalog/AndroidManifest.xml:37:5-43:16
	android:name
		ADDED from material/catalog/AndroidManifest.xml:38:7-40
intent-filter#action:name:android.intent.action.MAIN+category:name:android.intent.category.LAUNCHER
ADDED from material/catalog/AndroidManifest.xml:39:7-42:23
action#android.intent.action.MAIN
ADDED from material/catalog/AndroidManifest.xml:40:9-60
	android:name
		ADDED from material/catalog/AndroidManifest.xml:40:17-58
category#android.intent.category.LAUNCHER
ADDED from material/catalog/AndroidManifest.xml:41:9-68
	android:name
		ADDED from material/catalog/AndroidManifest.xml:41:19-66
activity#io.material.catalog.elevation.ElevationOverlayDemoActivity
ADDED from material/catalog/AndroidManifest.xml:44:5-48:50
	android:label
		ADDED from material/catalog/AndroidManifest.xml:47:7-58
	android:exported
		ADDED from material/catalog/AndroidManifest.xml:46:7-31
	android:theme
		ADDED from material/catalog/AndroidManifest.xml:48:7-48
	android:name
		ADDED from material/catalog/AndroidManifest.xml:45:7-61
activity#io.material.catalog.topappbar.TopAppBarActionBarDemoActivity
ADDED from material/catalog/AndroidManifest.xml:49:5-53:65
	android:label
		ADDED from material/catalog/AndroidManifest.xml:52:7-61
	android:exported
		ADDED from material/catalog/AndroidManifest.xml:51:7-31
	android:theme
		ADDED from material/catalog/AndroidManifest.xml:53:7-63
	android:name
		ADDED from material/catalog/AndroidManifest.xml:50:7-63
activity#io.material.catalog.topappbar.TopAppBarDarkActionBarDemoActivity
ADDED from material/catalog/AndroidManifest.xml:54:5-58:79
	android:label
		ADDED from material/catalog/AndroidManifest.xml:57:7-66
	android:exported
		ADDED from material/catalog/AndroidManifest.xml:56:7-31
	android:theme
		ADDED from material/catalog/AndroidManifest.xml:58:7-77
	android:name
		ADDED from material/catalog/AndroidManifest.xml:55:7-67
activity#io.material.catalog.topappbar.TopAppBarScrollingTransparentStatusDemoActivity
ADDED from material/catalog/AndroidManifest.xml:59:5-63:63
	android:label
		ADDED from material/catalog/AndroidManifest.xml:62:7-72
	android:exported
		ADDED from material/catalog/AndroidManifest.xml:61:7-31
	android:theme
		ADDED from material/catalog/AndroidManifest.xml:63:7-61
	android:name
		ADDED from material/catalog/AndroidManifest.xml:60:7-80
activity#io.material.catalog.card.CardSelectionModeActivity
ADDED from material/catalog/AndroidManifest.xml:64:5-66:32
	android:exported
		ADDED from material/catalog/AndroidManifest.xml:66:7-30
	android:name
		ADDED from material/catalog/AndroidManifest.xml:65:7-53